number,value,datetime_start,datetime_complete,duration,params_alpha,params_colsample_bylevel,params_colsample_bynode,params_colsample_bytree,params_gamma,params_lambda,params_learning_rate,params_max_depth,params_min_child_weight,params_n_estimators,params_subsample,state
158,0.37819738001722003,2025-01-10 23:07:41.728001,2025-01-10 23:13:13.866006,0 days 00:05:32.138005,31.973262326667573,0.6538239986926091,0.542442422939297,0.3061167945609351,0.03714843542939983,9.436092521116201,0.13712658949744494,5,32,3774,0.3100133140146479,COMPLETE
159,0.38591684000974014,2025-01-10 23:07:44.764688,2025-01-10 23:12:38.167130,0 days 00:04:53.402442,50.903884476590996,0.8950212147307994,0.5419578441053039,0.4297159722051388,0.12279889335370145,13.801338626478069,0.11900380855871513,5,32,1995,0.7624212835327225,COMPLETE
160,0.39695400162521494,2025-01-10 23:08:14.759255,2025-01-10 23:13:37.927598,0 days 00:05:23.168343,38.61019153941605,0.6437141294858945,0.5430430940532948,0.309951507630836,0.18709447745413021,9.427219499434718,0.13888126306061388,5,33,3653,0.31725686998590397,COMPLETE
161,0.40509510829042555,2025-01-10 23:08:39.876245,2025-01-10 23:13:49.760203,0 days 00:05:09.883958,48.44661813525378,0.8850148082653952,0.5447586247416172,0.36964066282635566,0.7481437546863237,13.936749315752182,0.13620485297801593,63,32,3873,0.5215438712888998,COMPLETE
162,0.3691873309830663,2025-01-10 23:09:13.756304,2025-01-10 23:14:01.556321,0 days 00:04:47.800017,24.984651766555356,0.8962529189997506,0.53665687999799,0.4303538698441015,0.18995136069419125,13.956385537511892,0.11220009346515253,5,25,3312,0.41786091924082913,COMPLETE
163,0.3620266291291931,2025-01-10 23:09:23.121788,2025-01-10 23:15:08.880235,0 days 00:05:45.758447,24.68791073759509,0.8788418083030698,0.5415903624187788,0.4295182539962117,0.22395122986785915,98.32391249200525,0.11439039872170564,5,10,3926,0.5071072622656483,COMPLETE
164,0.412398177633766,2025-01-10 23:09:45.268808,2025-01-10 23:15:17.872346,0 days 00:05:32.603538,48.411825055057726,0.6555130191594227,0.5362216562613851,0.36737169197154074,0.13880182564242793,9.871874721225844,0.13985134822588222,5,11,3892,0.30076722714230697,COMPLETE
165,0.3651599094701876,2025-01-10 23:09:59.023999,2025-01-10 23:15:29.997307,0 days 00:05:30.973308,31.337277891765297,0.6513273448793749,0.5389330600575535,0.4193132895541303,0.2104632463810021,14.135997041678472,0.13600751489906923,62,32,3865,0.826406497818805,COMPLETE
166,0.3499135640562205,2025-01-10 23:10:29.419371,2025-01-10 23:16:15.152167,0 days 00:05:45.732796,30.896208909253417,0.8668241758678237,0.4177867213712082,0.4143457709495048,0.04504521276961709,9.791448991126417,0.12101389250449773,62,9,3799,0.7666043483621005,COMPLETE
167,0.36898813449612416,2025-01-10 23:11:05.424676,2025-01-10 23:16:46.146113,0 days 00:05:40.721437,31.469549786919202,0.6439248041462731,0.41710629086996465,0.30692163311415044,0.0936867691664779,14.004186375864704,0.13449736540947688,61,33,3936,0.4734647700102319,COMPLETE
168,0.3573994395146698,2025-01-10 23:11:08.021180,2025-01-10 23:17:02.961936,0 days 00:05:54.940756,31.04942350414701,0.9221742978758314,0.4238362530114836,0.3201551501977987,0.1117714628893241,9.654716830668033,0.11335042346225518,62,33,3833,0.7644153804945751,COMPLETE
169,0.4134529670191365,2025-01-10 23:11:50.927615,2025-01-10 23:17:03.608860,0 days 00:05:12.681245,51.07061020240207,0.8692989826976814,0.6210873663906713,0.42542788242023455,0.8256494079245584,9.65496053871865,0.11836670027369715,5,1,3818,0.4382506846483852,COMPLETE
170,0.39946546077938266,2025-01-10 23:12:10.103267,2025-01-10 23:17:36.039098,0 days 00:05:25.935831,31.877562971180147,0.6037381128471996,0.41599180733570773,0.4362817079674011,1.2158185874652578,9.335210219218336,0.13309273604330335,60,2,3790,0.41639019023779156,COMPLETE
171,0.3731135900959465,2025-01-10 23:12:38.167130,2025-01-10 23:17:53.722659,0 days 00:05:15.555529,24.7610757824899,0.6033081193711619,0.4982147266076545,0.37575393001486823,1.1462143767607103,9.49444565299307,0.1316244737169337,57,1,3981,0.8244099730979579,COMPLETE
172,0.40311935248752667,2025-01-10 23:12:40.748471,2025-01-10 23:18:22.558424,0 days 00:05:41.809953,30.8690643124049,0.6092339139696379,0.6231214818451012,0.45971732401241316,0.93011611311177,9.442382178449094,0.10743674964277924,67,24,3668,0.33370201278074496,COMPLETE
173,0.37720887469704295,2025-01-10 23:13:13.866006,2025-01-10 23:18:37.032539,0 days 00:05:23.166533,23.93570690885635,0.6107022966565416,0.41815334866763243,0.31637965042788285,0.8425202558399255,6.468179910002211,0.1481307272596666,58,24,3619,0.5281076799080499,COMPLETE
174,0.381258557230888,2025-01-10 23:13:37.927598,2025-01-10 23:19:01.087115,0 days 00:05:23.159517,31.457034096438118,0.8587280532785558,0.4258127756365903,0.3682820971987909,1.0072206150121192,6.501381655952828,0.10795937094874439,57,25,4306,0.7761940074089517,COMPLETE
175,0.39082328388771576,2025-01-10 23:13:49.760203,2025-01-10 23:19:46.145307,0 days 00:05:56.385104,30.640805521915368,0.9336942213190762,0.42871276804604447,0.40965243212859,1.2290820157499975,6.618935518460432,0.10959008680635246,3,1,4552,0.8240617169841643,COMPLETE
176,0.3896785020756999,2025-01-10 23:14:01.558323,2025-01-10 23:19:55.404745,0 days 00:05:53.846422,25.793799351194433,0.8579244662956516,0.42030224361582896,0.47304346315066953,1.146786522435086,7.190044823741436,0.1082791247210517,57,1,4697,0.388077278042659,COMPLETE
177,0.38458126344476096,2025-01-10 23:15:08.882138,2025-01-10 23:20:12.916075,0 days 00:05:04.033937,24.29604786809813,0.8466224928696374,0.4980479928967102,0.4116644812688656,1.122953529759468,99.15890821527435,0.10708915883537341,60,2,4174,0.4324274911974381,COMPLETE
178,0.3825643308102922,2025-01-10 23:15:17.874216,2025-01-10 23:20:58.799802,0 days 00:05:40.925586,23.92257295924291,0.8564963470622147,0.6091176335404842,0.4269445502344391,1.1328423199278252,99.8353463947382,0.11120372291810776,58,22,4762,0.44810267407051113,COMPLETE
179,0.45724599400595406,2025-01-10 23:15:29.999310,2025-01-10 23:20:45.410022,0 days 00:05:15.410712,99.50608042629281,0.8656439458777532,0.6160663173280778,0.4582882126568979,1.4679711479805895,99.64627282402849,0.12490797707729863,57,22,4149,0.505903280645702,COMPLETE
180,0.39238061902364324,2025-01-10 23:16:15.154169,2025-01-10 23:21:37.822671,0 days 00:05:22.668502,24.232817318029984,0.8442693576275985,0.6121370476271141,0.41031024215844425,1.3029620295130548,93.23179168380449,0.1262117668901317,61,25,4087,0.46002199636847907,COMPLETE
181,0.3902639796040848,2025-01-10 23:16:46.146113,2025-01-10 23:21:53.562151,0 days 00:05:07.416038,24.42948906324111,0.8476176823292259,0.438934335161069,0.4635836093541557,1.203650401211811,99.43035842344267,0.1296190478021473,67,23,4121,0.43240910552346334,COMPLETE
182,0.39104293263083284,2025-01-10 23:17:02.963938,2025-01-10 23:22:24.341487,0 days 00:05:21.377549,24.241007229700152,0.8647771902102127,0.43342741085674796,0.45824377783845927,1.2730641517275387,96.24540557844746,0.13003550369991493,57,26,4280,0.44338029246460997,COMPLETE
183,0.3970127011216311,2025-01-10 23:17:03.608860,2025-01-10 23:22:28.705517,0 days 00:05:25.096657,24.685778090623874,0.8458625520341293,0.4343551233423302,0.46500417417869566,1.6283776039712958,96.00439929385756,0.12700165169430477,58,26,4130,0.3892267453790784,COMPLETE
184,0.3890974113689028,2025-01-10 23:17:36.039098,2025-01-10 23:23:02.588644,0 days 00:05:26.549546,24.63288381511616,0.9347876586075797,0.4996868866324856,0.4664825719327341,1.215040432359635,99.77076401248652,0.12593686399778284,58,25,4145,0.47536090053307367,COMPLETE
185,0.3944515310025261,2025-01-10 23:17:53.722659,2025-01-10 23:23:26.851834,0 days 00:05:33.129175,24.2052649438526,0.9256043462854291,0.4432208476188244,0.4625140314041343,2.128418155273346,98.33567003783394,0.10961823705987836,59,18,4191,0.4807935789707837,COMPLETE
186,0.46364943101005496,2025-01-10 23:18:22.558424,2025-01-10 23:23:54.200252,0 days 00:05:31.641828,99.71021241516758,0.9292420356824231,0.4361406908068741,0.4007442528182212,2.049968321076236,99.05105133518552,0.12657679658173215,68,25,4603,0.47934887370378715,COMPLETE
187,0.39026174761322346,2025-01-10 23:18:37.032539,2025-01-10 23:24:13.190635,0 days 00:05:36.158096,23.96607349736391,0.9205690530606834,0.4386248738381965,0.409213348428544,2.347232198935897,99.47796489757498,0.12239768848285051,68,36,4288,0.7697939070951105,COMPLETE
188,0.38613292552036144,2025-01-10 23:19:01.087115,2025-01-10 23:24:13.269369,0 days 00:05:12.182254,23.687486241024526,0.9339098628985607,0.5000157940321388,0.4648297030877178,2.087662761033259,93.55119547558787,0.1259250275910864,67,19,4000,0.783803654206573,COMPLETE
189,0.39851203471665236,2025-01-10 23:19:46.145307,2025-01-10 23:24:50.859848,0 days 00:05:04.714541,21.69424128186585,0.9322194316764092,0.4986474854318518,0.44942158830958345,2.2646939749897763,97.99961963130545,0.12940671402070716,53,18,3711,0.45806923337161265,COMPLETE
190,0.39234902844773933,2025-01-10 23:19:55.404745,2025-01-10 23:25:13.088908,0 days 00:05:17.684163,21.26095181707576,0.8228566074795224,0.3713097983871026,0.507606516957859,2.2282962369825086,97.83464417145326,0.1262958531198036,67,18,3938,0.5047886393249195,COMPLETE
191,0.3928786163638012,2025-01-10 23:20:12.916075,2025-01-10 23:25:34.980188,0 days 00:05:22.064113,23.59846324224575,0.9302283620232131,0.5677028910249446,0.4654940183900507,1.9574753449287337,92.9250037088395,0.1291691228481932,54,36,3978,0.5022858385733517,COMPLETE
192,0.363802369263521,2025-01-10 23:20:45.410022,2025-01-10 23:25:58.323091,0 days 00:05:12.913069,3.238246863307509,0.9258892003015559,0.4361818272918156,0.5013014459262124,2.361769302615135,19.620983672229475,0.12472416091707607,53,35,4052,0.7444416651658828,COMPLETE
193,0.3853355578832664,2025-01-10 23:20:58.801804,2025-01-10 23:26:04.765627,0 days 00:05:05.963823,21.83772171639356,0.9144111523608897,0.5681254919364152,0.5002339704549407,2.0165255950547447,97.22353425845384,0.13156724642859677,68,36,4157,0.552888584131588,COMPLETE
194,0.40221794205684763,2025-01-10 23:21:37.822671,2025-01-10 23:26:44.046832,0 days 00:05:06.224161,27.013307630024848,0.934457494095321,0.5653666074640433,0.5036931010844684,2.5033299239939217,12.774894362281518,0.12240027047211255,67,16,3957,0.47251441602836963,COMPLETE
195,0.3903525788504301,2025-01-10 23:21:53.564153,2025-01-10 23:27:07.830292,0 days 00:05:14.266139,21.54765958462585,0.6293096811449674,0.5649253331088199,0.49530650082768746,2.278944915845741,19.18657339785326,0.12406086801607775,68,18,4004,0.5516379442491339,COMPLETE
196,0.39524540834229355,2025-01-10 23:22:24.341487,2025-01-10 23:27:33.345382,0 days 00:05:09.003895,21.51016880229812,0.9314798324375015,0.3728461075075904,0.3963096179704443,2.5168167075733305,13.016495695100428,0.14986218894384384,64,17,4026,0.5662271004683102,COMPLETE
197,0.38912941740439616,2025-01-10 23:22:28.707519,2025-01-10 23:27:39.382714,0 days 00:05:10.675195,21.268515912147933,0.9309817100168465,0.5688732962925571,0.5002402321704964,2.3008074776474787,12.790409411627161,0.12247409902268573,63,36,3996,0.5681254198091966,COMPLETE
198,0.3927209642617185,2025-01-10 23:23:02.588644,2025-01-10 23:27:49.480339,0 days 00:04:46.891695,22.137632728772225,0.9277773552372577,0.5668736000806972,0.38984454410570274,2.5395985114182675,18.900085853842317,0.15152948457245863,61,36,3725,0.7499470109330509,COMPLETE
199,0.3999081577834926,2025-01-10 23:23:26.853575,2025-01-10 23:28:20.268790,0 days 00:04:53.415215,27.408916228654736,0.6262770847770728,0.5631872327445453,0.4952968347869585,2.71888962659657,13.807259352898477,0.15160971340925739,53,35,3718,0.5594570923691441,COMPLETE
200,0.4121677157802129,2025-01-10 23:23:54.200252,2025-01-10 23:28:48.067550,0 days 00:04:53.867298,21.24228698322865,0.9571893226229726,0.5608153525742301,0.9210536911021848,2.5486424053635175,18.720727541901102,0.3628865428796516,53,35,3988,0.21151911652649352,COMPLETE
201,0.39169882684578267,2025-01-10 23:24:13.190635,2025-01-10 23:29:06.243062,0 days 00:04:53.052427,21.666167468233265,0.9538044778220702,0.37227185146742947,0.516125551393299,2.546944540406347,18.702450267906315,0.15110740047948354,62,37,3692,0.5663886512296632,COMPLETE
202,0.40017393228432,2025-01-10 23:24:13.269369,2025-01-10 23:29:11.568568,0 days 00:04:58.299199,4.243950985641588,0.6239233853478423,0.566079146817384,0.5023926059420741,3.6337334014923233,18.40589515528417,0.17728472782534838,64,35,3733,0.20607858343871394,COMPLETE
203,0.4757769145329354,2025-01-10 23:24:50.859848,2025-01-10 23:29:38.359987,0 days 00:04:47.500139,27.434463619571552,0.6331753278792128,0.566815560687896,0.9267395059954903,34.46351789584285,12.59995286274022,0.1487918676766636,64,4,3952,0.548076049690117,COMPLETE
204,0.3390511792141638,2025-01-10 23:25:13.090714,2025-01-10 23:31:08.865522,0 days 00:05:55.774808,27.446135331052805,0.9522372329979495,0.5653017723383325,0.3311765675686828,0.005574363778749515,12.701268231632625,0.14750891947593314,63,5,3345,0.750015032581381,COMPLETE
205,0.3457356478929728,2025-01-10 23:25:34.980188,2025-01-10 23:31:10.122667,0 days 00:05:35.142479,27.292841449440665,0.6231299122509372,0.5597638447356753,0.3322895451541527,0.030514220223216107,12.617159712810748,0.18056820582183708,62,35,3737,0.7006672477247357,COMPLETE
206,0.4527324954760052,2025-01-10 23:25:58.323091,2025-01-10 23:30:30.937777,0 days 00:04:32.614686,2.7951165295054303,0.9501359284855369,0.5709388067036538,0.5033749163272782,35.25646389995256,13.15404600741337,0.15048422292076546,64,35,3278,0.7512015087864146,COMPLETE
207,0.3271472558080157,2025-01-10 23:26:04.765627,2025-01-10 23:38:35.241486,0 days 00:12:30.475859,3.7119938947211213,0.9568595955105318,0.47114150113403186,0.5278430349686868,0.00660058805953357,12.868216983759062,0.14993523467451425,62,30,3300,0.7571724377343041,COMPLETE
208,0.46535588394687616,2025-01-10 23:26:44.046832,2025-01-10 23:31:48.032825,0 days 00:05:03.985993,27.408438055617513,0.7143012970098715,0.5251484456247427,0.5279532490085439,35.307643025918,15.0749491197795,0.14864116455101656,64,30,3329,0.7505757051773285,COMPLETE
209,0.39900840634877827,2025-01-10 23:27:07.832294,2025-01-10 23:32:13.679732,0 days 00:05:05.847438,27.271063216428452,0.9554402270964812,0.473679283956317,0.5266590459576296,3.444257771730065,14.338948127445173,0.14752793021493213,64,40,3331,0.7452438638075006,COMPLETE
210,0.47084135723488973,2025-01-10 23:27:33.345382,2025-01-10 23:32:23.302373,0 days 00:04:49.956991,30.030080666572182,0.6998510601318114,0.47019988804634555,0.4446232417874501,36.323705349704056,15.140198725882767,0.09929428912357732,62,30,3261,0.7511381427999198,COMPLETE
211,0.3368610822414982,2025-01-10 23:27:39.382714,2025-01-10 23:43:14.213157,0 days 00:15:34.830443,2.8424135885255337,0.9525041793015793,0.47763978410934455,0.5216198234273977,0.0016648135860133362,18.42733243650647,0.180278960657511,62,30,3251,0.7485152091548514,COMPLETE
212,0.35059616494912277,2025-01-10 23:27:49.480339,2025-01-10 23:38:51.046251,0 days 00:11:01.565912,0.5774264558069309,0.9598887164117806,0.4809288697017202,0.33536855620510597,0.13593624072391983,15.228559358797572,0.09965315843860818,47,30,3255,0.3666154644051292,COMPLETE
213,0.3548665267545262,2025-01-10 23:28:20.268790,2025-01-10 23:34:24.872072,0 days 00:06:04.603282,30.390337332350658,0.959173400691942,0.475662576786855,0.32990081790677717,0.07016211617047227,14.3379548097619,0.09829512235942373,46,30,3564,0.7493319466953055,COMPLETE
214,0.3515190879279861,2025-01-10 23:28:48.067550,2025-01-10 23:39:17.408324,0 days 00:10:29.340774,2.454774541791883,0.9562793741833814,0.5263590140505057,0.3295525786135925,0.09555679466101037,15.42657405492276,0.18163428462597456,61,4,3289,0.3731279423911415,COMPLETE
215,0.3479983709137939,2025-01-10 23:29:06.244932,2025-01-10 23:37:40.705904,0 days 00:08:34.460972,4.146229180221836,0.8809280792119252,0.47291158361813473,0.4352412238048344,0.8061656504902296,15.505646496411668,0.1794390687510185,63,30,3246,0.6600407855914249,COMPLETE
216,0.35870894453629737,2025-01-10 23:29:11.568568,2025-01-10 23:39:32.385332,0 days 00:10:20.816764,30.198845918463956,0.9534680058902726,0.5266520981038733,0.3233420198759658,0.011482908269946565,15.214931013449576,0.16247651154969245,3,30,3320,0.7568802467764909,COMPLETE
217,0.3643875695531798,2025-01-10 23:29:38.359987,2025-01-10 23:40:56.323362,0 days 00:11:17.963375,30.293396404685033,0.8996698092458731,0.47366609604098675,0.338599921639364,0.0003169956778971972,15.85710936257922,0.10211543145923753,7,30,3322,0.369174280589671,COMPLETE
218,0.34813980254701865,2025-01-10 23:30:30.939779,2025-01-10 23:41:50.000612,0 days 00:11:19.060833,0.16726860339026128,0.8851844293277906,0.5244500427878246,0.32730524686931217,0.4004333916559488,10.81982311195678,0.16235253070889208,47,41,3517,0.3657148558650951,COMPLETE
219,0.3434913429843478,2025-01-10 23:31:08.865522,2025-01-10 23:48:31.414777,0 days 00:17:22.549255,1.3112610764718156,0.6966594194474636,0.4742706383876055,0.33271264769218245,0.02456930091445496,14.287693388720133,0.09942732776732358,43,30,3565,0.815250018697469,COMPLETE
220,0.3514546489977813,2025-01-10 23:31:10.124669,2025-01-10 23:42:42.035208,0 days 00:11:31.910539,27.793663932402914,0.8847369401606212,0.5258948188331373,0.3355433642051473,0.049463822078303,14.318384115020889,0.09965900534748615,61,30,3535,0.6432222260744076,COMPLETE
221,0.3333454187242975,2025-01-10 23:31:48.032825,2025-01-10 23:47:58.034827,0 days 00:16:10.002002,0.9944676366689635,0.5897933759260755,0.4766077540092308,0.33301762792062184,0.08560991732470688,15.546698327615651,0.0998436915849042,61,41,3528,0.6823837053056412,COMPLETE
222,0.3702537168733926,2025-01-10 23:32:13.679732,2025-01-10 23:45:21.968039,0 days 00:13:08.288307,0.8514906820983823,0.9038828742125485,0.5254058171334139,0.34567491325971117,0.1361034647816923,15.532164460643619,0.20079980577264397,72,5,3577,0.6992873569017466,COMPLETE
223,0.3561938143844314,2025-01-10 23:32:23.302373,2025-01-10 23:45:11.391211,0 days 00:12:48.088838,18.452116584011023,0.5969211687394568,0.595984186163864,0.3379569768563944,0.1701374851816442,11.14448947337374,0.19203865619607086,33,9,3583,0.363426126702113,COMPLETE
224,0.3419323193344312,2025-01-10 23:34:24.874074,2025-01-10 23:46:24.156400,0 days 00:11:59.282326,18.69200758138336,0.8839849851063706,0.4737535580356182,0.32578145560742944,0.08056596680819322,10.887214373154901,0.1881387753235464,44,13,3573,0.6420919043466679,COMPLETE
225,0.353145459561572,2025-01-10 23:37:40.705904,2025-01-10 23:49:46.744576,0 days 00:12:06.038672,0.23779155652080775,0.8853316137020187,0.4805993499688216,0.33775737137402345,0.12741723770794094,11.139510718736343,0.185729818946731,44,31,3552,0.6599614106922409,COMPLETE
226,0.3955878537367088,2025-01-10 23:38:35.241486,2025-01-10 23:54:46.586495,0 days 00:16:11.345009,0.5026293830905484,0.8831952661756214,0.47510376575211116,0.33330454696634393,0.014135459726189237,10.998053170246974,0.1633129147649646,48,5,3486,0.6814457697377652,COMPLETE
227,0.3466772097405606,2025-01-10 23:38:51.046251,2025-01-10 23:55:34.472632,0 days 00:16:43.426381,2.015364575078551,0.9729189787284942,0.4803979995889285,0.33186176791477345,0.02146798942410254,15.798995881585714,0.16132160222798944,46,28,3561,0.7150388172466363,COMPLETE
228,0.32257714750422983,2025-01-10 23:39:17.410151,2025-01-10 23:52:13.269693,0 days 00:12:55.859542,6.122716924839242,0.9788993809663084,0.47795516219278344,0.3341546295548179,0.05153647127450569,16.700774530958494,0.16279581927666184,48,4,3575,0.720682005953389,COMPLETE
229,0.38936029001742606,2025-01-10 23:39:32.387233,2025-01-10 23:54:18.757740,0 days 00:14:46.370507,0.2578466904788401,0.9848141639239671,0.4889528907352139,0.3348089156618649,0.06435387756377961,21.167651853617347,0.1651146287767422,48,5,3559,0.7028325233864766,COMPLETE
230,0.35693257725695765,2025-01-10 23:40:56.323362,2025-01-10 23:59:46.890596,0 days 00:18:50.567234,0.7034306628101549,0.9568308162944601,0.4714403229273077,0.3260999223888341,0.049241512414852195,21.92227535474608,0.07920754378226227,47,4,3550,0.6907139453177982,COMPLETE
231,0.3511536507819974,2025-01-10 23:41:50.000612,2025-01-10 23:55:16.438756,0 days 00:13:26.438144,1.5348384417202454,0.9759276487069634,0.4808316057009761,0.3287217613752429,0.9984759011345874,16.831923833540742,0.18644397835809814,45,5,3537,0.35861956275054147,COMPLETE
232,0.3570911446162642,2025-01-10 23:42:42.035208,2025-01-10 23:55:54.708545,0 days 00:13:12.673337,0.7704615927129339,0.9763176237686018,0.5066311900615742,0.32884194216638546,1.0589578039740135,16.772128718113734,0.16373845662658956,45,4,3509,0.6924945913130818,COMPLETE
233,0.426850648513769,2025-01-10 23:43:14.215037,2025-01-10 23:56:06.715574,0 days 00:12:52.500537,2.379596182947412,0.9740522666251502,0.4863426224656967,0.3337382588590834,23.61109867454687,21.303627339176746,0.07626425101205908,43,5,3533,0.6829208061787891,COMPLETE
234,0.3596872601530972,2025-01-10 23:45:11.391211,2025-01-10 23:56:31.835809,0 days 00:11:20.444598,5.667315396642958,0.9794638406104965,0.48123830406636353,0.32574367668336984,1.0537648848320174,16.730964160484184,0.16338124444840246,47,5,3540,0.34758115908029596,COMPLETE
235,0.34825657076004163,2025-01-10 23:45:21.970042,2025-01-10 23:57:29.146869,0 days 00:12:07.176827,0.19355071800383805,0.9915022194645126,0.48838075463282116,0.33201266798504775,0.898860515162131,11.102605338778467,0.1613361106275687,45,28,3513,0.6726927522854923,COMPLETE
236,0.35072722980187615,2025-01-10 23:46:24.156400,2025-01-10 23:57:32.284858,0 days 00:11:08.128458,5.3399253034757255,0.9774501087072971,0.49206354867501445,0.329620795263411,1.1739388311066008,11.671829115242744,0.16050883727049883,46,13,3529,0.6603114412494315,COMPLETE
