number,value,datetime_start,datetime_complete,duration,params_alpha,params_colsample_bylevel,params_colsample_bynode,params_colsample_bytree,params_gamma,params_lambda,params_learning_rate,params_max_depth,params_min_child_weight,params_n_estimators,params_subsample,state
474,0.3650929630778903,2025-01-11 01:59:49.947451,2025-01-11 02:05:53.845715,0 days 00:06:03.898264,14.445868763441979,0.9440906028596722,0.31629431229997806,0.7197802897879886,0.9267761119745727,60.68285610898053,0.1372151439782486,95,58,4365,0.7440137968046104,COMPLETE
475,0.3676134040343438,2025-01-11 02:00:45.726831,2025-01-11 02:06:24.217206,0 days 00:05:38.490375,14.080963888317378,0.9440947202790463,0.3825649848964695,0.7175044288189864,1.1728492499117993,5.018976154387389,0.13848650094401815,96,54,3682,0.7420510681077066,COMPLETE
476,0.3673409380601103,2025-01-11 02:00:55.723386,2025-01-11 02:06:36.070642,0 days 00:05:40.347256,6.087221487888117,0.9402840283319895,0.31766587330211443,0.7200577559878714,0.9999910690120402,5.004661201331659,0.3513715288763053,96,39,3664,0.7904441763269652,COMPLETE
477,0.36932324743948475,2025-01-11 02:01:13.316887,2025-01-11 02:06:49.390999,0 days 00:05:36.074112,14.777002262192674,0.9077833797468805,0.32292982002902826,0.9172241182832664,0.9314578223173476,4.956545278428866,0.14072800378097236,96,54,3695,0.7918596294333643,COMPLETE
478,0.3558881869355213,2025-01-11 02:01:31.016196,2025-01-11 02:07:36.347930,0 days 00:06:05.331734,18.786430862418698,0.9095252120074203,0.38591446075523816,0.8805237299465419,0.9723449129642177,5.445265512959732,0.14016057287079145,89,39,4363,0.8898492748894075,COMPLETE
479,0.3640341037289902,2025-01-11 02:01:59.750356,2025-01-11 02:07:45.672974,0 days 00:05:45.922618,15.030092632040441,0.9068295338246813,0.4071901776326332,0.7187311825857639,0.7304294915413686,5.405260320629624,0.14191572286074716,89,39,4054,0.7425706435320023,COMPLETE
480,0.3645115617872301,2025-01-11 02:02:53.338123,2025-01-11 02:08:20.530404,0 days 00:05:27.192281,14.738332831036917,0.9076094532483617,0.40861814847706807,0.7136626282927792,0.900833931682721,5.216255822240277,0.14417563519808818,95,42,4094,0.7431471100596592,COMPLETE
481,0.36549907060799436,2025-01-11 02:02:58.200043,2025-01-11 02:08:23.261869,0 days 00:05:25.061826,18.64536472927657,0.32183917489488045,0.41038386399432436,0.7186863650286662,0.8309768915819672,5.036147852506369,0.1444935232589535,89,42,3710,0.7883784273170621,COMPLETE
482,0.3270348568202151,2025-01-11 02:03:27.166547,2025-01-11 02:10:37.142801,0 days 00:07:09.976254,14.727782066945235,0.9127538516552443,0.3231801675471975,0.7013802896551079,0.03052232055373872,4.987549873193707,0.14514605129212094,96,42,4121,0.7897533386238464,COMPLETE
483,0.3484819267848942,2025-01-11 02:03:46.336331,2025-01-11 02:09:18.874142,0 days 00:05:32.537811,14.696892263720397,0.9099049451436855,0.4073148779826409,0.9165598245117427,0.8623136004627451,5.201113418090523,0.14414298254704708,96,42,3692,0.7900699392704656,COMPLETE
484,0.39140459579797215,2025-01-11 02:04:40.543289,2025-01-11 02:09:47.340432,0 days 00:05:06.797143,18.66204659134192,0.32656297795873085,0.40951583630375643,0.9118405392903394,3.2349569967836946,4.983408589975991,0.1466759215905723,96,42,3704,0.7867352116370626,COMPLETE
485,0.33142938102549596,2025-01-11 02:04:52.813231,2025-01-11 02:11:28.626377,0 days 00:06:35.813146,14.870859594415357,0.9055014929013693,0.4097334325159006,0.7185023661598713,0.050925656038294916,4.919192274547802,0.1447676032908669,96,42,4075,0.7411853731847361,COMPLETE
486,0.3296911112053034,2025-01-11 02:05:09.373767,2025-01-11 02:11:58.784339,0 days 00:06:49.410572,14.462507135573013,0.909720769907545,0.40201204210276853,0.7086767040584854,0.03973205042618713,48.22379460047818,0.14348022944113212,96,58,3667,0.7949868940015792,COMPLETE
487,0.3863104123806052,2025-01-11 02:05:19.073310,2025-01-11 02:11:05.366705,0 days 00:05:46.293395,14.66974567182514,0.8509712307098835,0.4043860459189002,0.6973614548443228,2.913397142020485,4.236241874748244,0.14360293020553747,96,42,4084,0.7425064303803699,COMPLETE
488,0.3834469604244852,2025-01-11 02:05:53.847745,2025-01-11 02:12:20.750822,0 days 00:06:26.903077,65.17939717456323,0.9036291922306089,0.40527325496049066,0.6986072080392652,0.03805992173701079,4.777872484370421,0.15553558762206543,96,42,4050,0.79167635366766,COMPLETE
489,0.374772889709371,2025-01-11 02:06:24.219322,2025-01-11 02:12:50.283696,0 days 00:06:26.064374,5.70035755185112,0.9042997776340803,0.4057683840950189,0.7013068893489826,2.791959330217734,4.862671675217467,0.11269881604957166,92,42,4089,0.7887670289376579,COMPLETE
490,0.3218175152933574,2025-01-11 02:06:36.070642,2025-01-11 02:14:11.643179,0 days 00:07:35.572537,14.842516368860965,0.9078393382414218,0.4088645311140768,0.8835818841943814,0.07896034139369093,4.637500951301362,0.14517131047291082,92,42,4104,0.7892693107960717,COMPLETE
491,0.3625893294601246,2025-01-11 02:06:49.391999,2025-01-11 02:13:13.169809,0 days 00:06:23.777810,5.946738996900173,0.9135933917593821,0.4094303001400778,0.8836424996476442,3.3022274361160635,3.8771028800590472,0.15395699542949162,92,42,4082,0.8472364859702067,COMPLETE
492,0.36059796944244193,2025-01-11 02:07:36.349930,2025-01-11 02:13:33.250033,0 days 00:05:56.900103,5.419963430987752,0.8531402780255654,0.40452716766625446,0.7751242199024388,3.4073770401452346,3.902181930891653,0.11292716730244064,92,42,4087,0.788090453401227,COMPLETE
493,0.38260311491959076,2025-01-11 02:07:45.674974,2025-01-11 02:14:06.672989,0 days 00:06:20.998015,5.6351717076070615,0.8510031250511895,0.41253348942038326,0.6948808503193954,3.3575147820287796,3.7343649458493657,0.15444189691864232,92,42,4095,0.7888838503487429,COMPLETE
494,0.3638034939650025,2025-01-11 02:08:20.532403,2025-01-11 02:14:56.447443,0 days 00:06:35.915040,5.834829239904471,0.9216185109459744,0.4083026910035809,0.7778686474530058,3.2905159412192084,3.525331851498783,0.1553820758758876,92,45,4091,0.8185067147439257,COMPLETE
495,0.37703088193031703,2025-01-11 02:08:23.262884,2025-01-11 02:15:02.633503,0 days 00:06:39.370619,4.797023906309119,0.9239494382810033,0.3817919864633655,0.7770419974571252,3.385632059813309,3.495120846885922,0.11282069739801787,92,45,4083,0.8168944823309702,COMPLETE
496,0.37420084864949993,2025-01-11 02:09:18.876227,2025-01-11 02:15:18.677693,0 days 00:05:59.801466,5.370288312522383,0.8547269869144487,0.37537966634431064,0.7755262763057562,3.2552049625217894,3.459770447846352,0.11089647883406593,92,45,4071,0.8194264741405494,COMPLETE
497,0.3794963434301028,2025-01-11 02:09:47.342532,2025-01-11 02:15:28.061482,0 days 00:05:40.718950,58.94830441240886,0.9225138413689443,0.38048506392306214,0.7737223596413793,0.047034677246913965,88.12375604377831,0.15592095402025907,92,45,4103,0.8205049651292513,COMPLETE
498,0.3809609572634401,2025-01-11 02:10:37.144798,2025-01-11 02:15:26.326744,0 days 00:04:49.181946,6.480870368584123,0.8610894279231087,0.38482011770787267,0.7757721732970605,3.3483612016347744,84.92311886093316,0.15574177116099347,92,46,3821,0.8182704648509831,COMPLETE
499,0.3607029432298901,2025-01-11 02:11:05.367874,2025-01-11 02:15:08.899066,0 days 00:04:03.531192,5.221667282421432,0.9256826922452721,0.3759153735161223,0.8806394642355031,2.8081165594236133,46.70713820868113,0.15389384624884578,92,46,404,0.8143227584065406,COMPLETE
