number,value,datetime_start,datetime_complete,duration,params_alpha,params_colsample_bylevel,params_colsample_bynode,params_colsample_bytree,params_gamma,params_lambda,params_learning_rate,params_max_depth,params_min_child_weight,params_n_estimators,params_subsample,state
237,0.35183879895345416,2025-01-10 23:47:58.034827,2025-01-10 23:58:05.176354,0 days 00:10:07.141527,0.21291970670687482,0.9711438814352846,0.48410840317534876,0.3261340150352793,1.2612433316739156,17.28664421135631,0.1618484930206564,44,28,3518,0.6597068422703611,COMPLETE
238,0.356633113828648,2025-01-10 23:48:31.414777,2025-01-10 23:59:00.197020,0 days 00:10:28.782243,4.437299134413104,0.9782035190984913,0.47317805263988216,0.3292163577297086,1.178524114526326,16.64311957097177,0.07784836898575653,46,27,3523,0.6536059375378181,COMPLETE
239,0.35757281298927096,2025-01-10 23:49:46.744576,2025-01-10 23:59:13.210581,0 days 00:09:26.466005,5.503995665380021,0.9744605121579466,0.4821491190553903,0.3308067179712971,1.3925864200291507,11.035133249654068,0.09306137405342202,46,28,3544,0.6523764892091836,COMPLETE
240,0.35304599399980413,2025-01-10 23:52:13.269693,2025-01-10 23:59:30.488423,0 days 00:07:17.218730,5.926643391129904,0.9698939435296225,0.4842617841326038,0.3355952518414442,1.2329790116261188,21.3904513862511,0.07099042701527529,46,6,3531,0.6688023213672859,COMPLETE
241,0.3583240328577623,2025-01-10 23:54:18.757740,2025-01-10 23:59:53.023320,0 days 00:05:34.265580,5.962129192494281,0.9725629470576376,0.48291452407955815,0.331105421082679,1.2237990299362593,8.444435382632994,0.08131151337000524,42,27,3508,0.6504867332384153,COMPLETE
242,0.3566367771820828,2025-01-10 23:54:46.586495,2025-01-11 00:00:18.553185,0 days 00:05:31.966690,5.190122189339546,0.9851068048238716,0.4861556572128207,0.32564448119516215,1.2259110380356895,17.274599497535934,0.08062042920643786,43,28,3552,0.6409848541189178,COMPLETE
243,0.47205149090996773,2025-01-10 23:55:16.440758,2025-01-11 00:00:39.097538,0 days 00:05:22.656780,5.7042628799924495,0.9709300682785954,0.48504299893104413,0.33229196311681525,49.58778567180258,17.24121276463825,0.0756712026474038,43,8,3512,0.6431935692401413,COMPLETE
244,0.3579259392015208,2025-01-10 23:55:34.472632,2025-01-11 00:01:00.655895,0 days 00:05:26.183263,5.038171937469665,0.9679542772462268,0.48446333451878765,0.33105955307185725,1.2748000746564114,16.74038450673516,0.19092067332225782,43,7,3534,0.6477409995723924,COMPLETE
245,0.356964813480227,2025-01-10 23:55:54.708545,2025-01-11 00:01:31.109518,0 days 00:05:36.400973,5.641545284934394,0.978015561946872,0.48250339706972645,0.3384494647698535,1.1622096189548548,17.004932576391962,0.18985813230173093,43,8,3622,0.652738979865317,COMPLETE
246,0.3582818287402945,2025-01-10 23:56:06.715574,2025-01-11 00:04:50.366911,0 days 00:08:43.651337,5.269636558419779,0.988816682807877,0.4771986185495871,0.3380415023565322,1.3417747792984558,17.26928495551479,0.18998272284743617,43,27,3214,0.6531091476669618,COMPLETE
247,0.35991199474776203,2025-01-10 23:56:31.835809,2025-01-11 00:02:07.556199,0 days 00:05:35.720390,6.35223200863229,0.9637863519293277,0.48317817534231167,0.33831517706841213,1.3088610499148285,16.223032304982844,0.18809546979080274,42,27,3234,0.6586384144423885,COMPLETE
248,0.3532389484446686,2025-01-10 23:57:29.146869,2025-01-11 00:06:16.086540,0 days 00:08:46.939671,4.858394719616065,0.9967278089285793,0.4815941511699037,0.2958645736278497,1.141969648374312,17.318110701908193,0.08166137056793954,41,28,3229,0.6511482075596059,COMPLETE
249,0.35701700589775803,2025-01-10 23:57:32.284858,2025-01-11 00:02:30.944409,0 days 00:04:58.659551,5.201103698585875,0.9975827599032081,0.48635551632623714,0.29305502978428905,1.2661177020757524,17.700752452645816,0.1725397361476011,42,27,3202,0.6440719219984712,COMPLETE
250,0.35487702832176704,2025-01-10 23:58:05.176354,2025-01-11 00:02:47.997400,0 days 00:04:42.821046,5.6629618239879145,0.9888702183548295,0.4980772646939079,0.29571661638354996,1.3258746291752845,17.35001555956295,0.17468478637724671,43,29,3394,0.6495175402624485,COMPLETE
251,0.36248595172556103,2025-01-10 23:59:00.197020,2025-01-11 00:02:55.873842,0 days 00:03:55.676822,6.596218770918258,0.9888697072334665,0.49229361188015486,0.2933152073491381,1.2111428160538649,17.997012381018937,0.1759495950295947,42,28,3188,0.6459445988240368,COMPLETE
252,0.41061745722195897,2025-01-10 23:59:13.212583,2025-01-11 00:03:31.287462,0 days 00:04:18.074879,2.844267596593694,0.9957658783518617,0.49736692251259235,0.3020428979964489,15.7347368128885,17.511190742620624,0.17747510636832817,40,12,3243,0.6707685475093417,COMPLETE
253,0.3601145822770928,2025-01-10 23:59:30.488423,2025-01-11 00:03:42.477244,0 days 00:04:11.988821,2.8232857623804457,0.9891078305193787,0.5060159092492444,0.29540857525145736,1.5910024319210867,17.735145213798155,0.1748848601725789,43,13,3238,0.6430254735660037,COMPLETE
254,0.3456693553789225,2025-01-10 23:59:46.892596,2025-01-11 00:04:22.900971,0 days 00:04:36.008375,2.695843981961705,0.7561859926884109,0.5042831164700328,0.29460480941897627,1.374127065979055,18.044901553663564,0.05822212863057889,44,7,3240,0.6332578443066635,COMPLETE
255,0.3524957841110737,2025-01-10 23:59:53.025332,2025-01-11 00:04:12.867257,0 days 00:04:19.841925,3.3408848705693193,0.9981482177181242,0.5075958908791242,0.29659571599303425,1.2799221806026573,18.221054188982894,0.1726690134651713,43,7,3209,0.6317543608662055,COMPLETE
256,0.3617161377044773,2025-01-11 00:00:18.555185,2025-01-11 00:04:55.324010,0 days 00:04:36.768825,7.873819932354408,0.9964747199381014,0.5061239032987528,0.3022532015457597,1.3843640225138616,17.703179004733563,0.05827677126883525,44,31,3209,0.6635204097025382,COMPLETE
257,0.34178675298948846,2025-01-11 00:00:39.099537,2025-01-11 00:05:22.857079,0 days 00:04:43.757542,3.161122960188806,0.9640635561015918,0.5070095540979735,0.7074345979951242,1.542830614459503,15.228908093936763,0.175356912232791,49,11,3197,0.6736720351739911,COMPLETE
258,0.3561435924247623,2025-01-11 00:01:00.657895,2025-01-11 00:05:47.890238,0 days 00:04:47.232343,2.8977539354626294,0.994931201770638,0.508609740510811,0.3076177117366003,1.5560038304981323,12.215456408343348,0.046217807680413225,40,13,3234,0.6717495218916189,COMPLETE
259,0.35977372086821596,2025-01-11 00:01:34.181671,2025-01-11 00:05:39.700191,0 days 00:04:05.518520,2.747286403599726,0.9945060989069748,0.5057221758361277,0.29616845440448614,1.456383968065124,12.724173677703755,0.168058346076945,45,31,3205,0.6687659352322008,COMPLETE
260,0.3519821987346023,2025-01-11 00:02:09.481268,2025-01-11 00:06:59.595165,0 days 00:04:50.113897,2.7864260533125025,0.9993986955850331,0.5085628152568317,0.30689648111066975,1.427639146331759,12.543556038583079,0.17394104963323598,50,12,3407,0.6670449016184252,COMPLETE
261,0.3572991234760552,2025-01-11 00:02:30.946409,2025-01-11 00:06:34.995088,0 days 00:04:04.048679,3.2774506761853655,0.8170056848093573,0.5063182300842793,0.3001395380744017,1.7731954160777947,12.457256933491688,0.05695933920743726,39,14,3418,0.6743339674353632,COMPLETE
262,0.35431074282888986,2025-01-11 00:02:48.537927,2025-01-11 00:07:44.183348,0 days 00:04:55.645421,2.2456591054040524,0.9955390560573754,0.5100944318619028,0.3089043881643749,1.7447330748400658,13.019780050907011,0.04288531910692214,50,12,3667,0.6703654799609005,COMPLETE
263,0.37480445261902356,2025-01-11 00:02:56.140842,2025-01-11 00:08:28.568656,0 days 00:05:32.427814,2.3483519722724195,0.9990828471343355,0.5080509261586228,0.31111498860826187,3.3869553766497784,12.845460702231568,0.010956416977293965,50,12,3380,0.6705780854836803,COMPLETE
264,0.37678426238353163,2025-01-11 00:03:31.407633,2025-01-11 00:07:52.457261,0 days 00:04:21.049628,9.752433159195352,0.8265287382020502,0.45314021244773456,0.36950119626806216,3.42219660866514,12.312195516913906,0.058556405467278826,50,13,3393,0.6720642200527112,COMPLETE
265,0.37812172227920254,2025-01-11 00:04:01.918270,2025-01-11 00:08:11.491282,0 days 00:04:09.573012,10.30937606004431,0.8241075428331894,0.5109004680274453,0.35289781866385317,3.2652573001349774,12.44103078981481,0.055352318868406074,50,30,3440,0.6235208159926938,COMPLETE
266,0.3717795589983555,2025-01-11 00:04:12.869257,2025-01-11 00:08:27.992648,0 days 00:04:15.123391,2.4492510979083555,0.7465833923365992,0.514135157384022,0.2744203258194744,3.654405873778735,12.61833965803733,0.1591278456690143,49,7,3384,0.6082422459619011,COMPLETE
267,0.38050416805687104,2025-01-11 00:04:22.916975,2025-01-11 00:09:16.754856,0 days 00:04:53.837881,9.659246522302197,0.7945546831622923,0.5099246626315054,0.2730241547588974,3.286254333415968,19.55600411463222,0.03900334490120017,50,7,3400,0.6140123409407385,COMPLETE
268,0.42901927365838555,2025-01-11 00:04:50.368913,2025-01-11 00:09:25.118634,0 days 00:04:34.749721,2.6149607613707566,0.7768628871021318,0.5122348108515388,0.27691182190511787,18.88157228275027,21.111197528285025,0.1582245835621058,49,8,3412,0.6256018922830958,COMPLETE
269,0.38202272545845933,2025-01-11 00:04:55.326010,2025-01-11 00:09:53.845587,0 days 00:04:58.519577,9.838555953213694,0.8288566250678098,0.4606687996174941,0.31247505543852033,3.384776986172328,20.590675219412212,0.04105122362829857,50,7,3395,0.6248390896077237,COMPLETE
270,0.36757136008735775,2025-01-11 00:05:25.014946,2025-01-11 00:10:07.534987,0 days 00:04:42.520041,2.5678146694959616,0.741195880442344,0.5166813406250915,0.706055170301236,3.4147384907338343,12.724368418537685,0.0565805217983055,51,11,3444,0.6253481587242382,COMPLETE
271,0.371244486577564,2025-01-11 00:05:39.702191,2025-01-11 00:10:52.680730,0 days 00:05:12.978539,2.2891498400733816,0.9473670637465977,0.5136990834862796,0.2735424566358497,3.6922476940590396,14.943085526287758,0.0389039715670256,51,14,3400,0.6228822500546335,COMPLETE
272,0.37246243706636184,2025-01-11 00:05:47.892238,2025-01-11 00:10:45.748571,0 days 00:04:57.856333,10.54109444811787,0.7313031090612959,0.5184325376001356,0.7623113668220858,3.3543407811419326,20.142985321409608,0.16163336092722042,49,10,3392,0.6115159799495057,COMPLETE
273,0.386461005404848,2025-01-11 00:06:16.088540,2025-01-11 00:11:15.178345,0 days 00:04:59.089805,11.08427219340465,0.8211554748817098,0.4587235873546695,0.7651435802995794,3.1476638556176355,20.488001921922162,0.1574463917930012,50,11,3444,0.6098630301642886,COMPLETE
274,0.379064437895736,2025-01-11 00:06:34.997088,2025-01-11 00:11:56.937170,0 days 00:05:21.940082,9.74148038130166,0.9436887661365018,0.5226319887476473,0.6174634807528405,3.410082258803624,14.813194029919284,0.029587317539392213,49,11,3400,0.7068983003469643,COMPLETE
275,0.36848243706447664,2025-01-11 00:06:59.597165,2025-01-11 00:11:45.116469,0 days 00:04:45.519304,9.846352755645885,0.9465169962197789,0.4572379899458299,0.822067012234818,3.464393792026499,14.751246810514678,0.1595646059460077,50,3,3389,0.7178283839050744,COMPLETE
276,0.38146477503519877,2025-01-11 00:07:44.185348,2025-01-11 00:12:10.476341,0 days 00:04:26.290993,8.561483071742892,0.8241356641208761,0.5225837826550886,0.36383430753557644,3.7093798390561252,15.094263569517137,0.16126346577114714,51,3,3390,0.6190781720909504,COMPLETE
277,0.37371192306879647,2025-01-11 00:07:52.459261,2025-01-11 00:12:18.177072,0 days 00:04:25.717811,0.21975676507946362,0.7543114922850606,0.4592952727716965,0.27737979045815814,3.1045034882816758,14.830222711551876,0.15944409510956867,51,9,3036,0.6069827742061076,COMPLETE
278,0.36351507752191187,2025-01-11 00:08:11.493283,2025-01-11 00:13:27.728104,0 days 00:05:16.234821,1.5576235387493056,0.7776317235658411,0.4599844662850351,0.8171455334412037,3.026445241400661,8.542805936564921,0.03269638690860033,50,10,3048,0.7121308475455832,COMPLETE
279,0.35751359955146794,2025-01-11 00:08:27.993651,2025-01-11 00:13:26.493644,0 days 00:04:58.499993,1.3498467113041768,0.9468550483936542,0.457966235927193,0.31481125499532914,2.474837345600026,8.365401510541068,0.1585970629036336,51,10,3675,0.7159653103961926,COMPLETE
280,0.36637145649583763,2025-01-11 00:08:28.570656,2025-01-11 00:13:41.780432,0 days 00:05:13.209776,0.01046081547655664,0.7664333185799207,0.45819404102021144,0.8438250068019065,2.2762609845425748,7.914905091270807,0.16213756742900812,47,9,3639,0.721984015632429,COMPLETE
281,0.3433886135472554,2025-01-11 00:09:16.756855,2025-01-11 00:13:42.130215,0 days 00:04:25.373360,0.1578641171430181,0.9472215623275327,0.4608790511040024,0.7854202667142705,2.311194351013672,8.190803100312564,0.1561877408093657,84,9,3038,0.7333608504979526,COMPLETE
282,0.35825884206595343,2025-01-11 00:09:25.119661,2025-01-11 00:14:15.208653,0 days 00:04:50.088992,0.9110497503376326,0.9495945679845273,0.4575525693544214,0.31483289956388016,2.1829661472974733,14.971333138267424,0.16370738401294607,47,10,3023,0.7083765982624076,COMPLETE
283,0.3503875546937696,2025-01-11 00:09:53.847588,2025-01-11 00:14:54.199092,0 days 00:05:00.351504,0.6671598877193623,0.944230231485287,0.45973883945565125,0.8674142472819237,2.4411285145496833,15.268332907526347,0.1610676664403489,48,10,3061,0.7276033172844065,COMPLETE
284,0.3663372068608939,2025-01-11 00:10:07.535988,2025-01-11 00:15:11.232801,0 days 00:05:03.696813,0.877940437784457,0.9411856967518082,0.4599666286779381,0.35411990381939856,2.188407647948669,7.889006662572708,0.16008886448859078,47,68,3680,0.7161297930015448,COMPLETE
285,0.453131321981175,2025-01-11 00:10:45.750571,2025-01-11 00:14:57.111082,0 days 00:04:11.360511,0.23756447612411025,0.9453627767976237,0.45899812029853515,0.3580246373939222,31.468321403724865,14.822050429753848,0.1667287408042103,60,10,3036,0.7113606008287602,COMPLETE
286,0.3684992756906406,2025-01-11 00:10:52.682552,2025-01-11 00:15:06.813139,0 days 00:04:14.130587,0.10632060878427026,0.959791574558035,0.45906176042628943,0.3549008675862547,2.4347840837585073,8.262907888555606,0.16665977112190417,47,70,3065,0.7276926695609232,COMPLETE
287,0.3660069268820891,2025-01-11 00:11:15.180848,2025-01-11 00:16:17.521182,0 days 00:05:02.340334,0.06107344163697137,0.9494773047832503,0.4614760533854291,0.36342077116018195,2.3292591302607732,7.510847629659775,0.16872960407433568,47,69,3633,0.7115730011957838,COMPLETE
288,0.3609050124122491,2025-01-11 00:11:45.118496,2025-01-11 00:16:23.785299,0 days 00:04:38.666803,0.265362332241838,0.9482458655990922,0.4574528249841199,0.35847313351012766,2.1478014516327635,8.041594639245794,0.18245381638925262,60,3,3036,0.7094485103192337,COMPLETE
289,0.3692684507141926,2025-01-11 00:11:56.938436,2025-01-11 00:16:36.788150,0 days 00:04:39.849714,0.6606759196787919,0.9635909502780449,0.4639610135702337,0.35617612472125726,2.299893209477762,14.827682753766746,0.16748770704518395,47,4,3022,0.37143965596589834,COMPLETE
290,0.3657346567575599,2025-01-11 00:12:10.477355,2025-01-11 00:16:36.565619,0 days 00:04:26.088264,0.9042447772459292,0.961341995817401,0.4634349025303145,0.5704798300569046,2.145265678066094,8.053016633714478,0.16978148654379235,47,41,3034,0.7287043291473089,COMPLETE
291,0.3703734943314994,2025-01-11 00:12:18.179126,2025-01-11 00:17:10.235307,0 days 00:04:52.056181,0.14165505750494178,0.9585510522351105,0.4942983154741042,0.35355175649296966,2.3193758633768664,7.711417841451063,0.1692517486290388,47,40,3672,0.3767648247481042,COMPLETE
292,0.347581298764348,2025-01-11 00:13:26.495644,2025-01-11 00:18:29.012437,0 days 00:05:02.516793,0.1718761701977666,0.9659568694953243,0.4702303045658804,0.35141901733922776,0.8865427496270626,8.423944418838268,0.1673223844638354,47,38,3728,0.3787798025326647,COMPLETE
293,0.3491188112382926,2025-01-11 00:13:27.730108,2025-01-11 00:18:38.800802,0 days 00:05:11.070694,0.6602101456261215,0.8731636991379407,0.4934657812013377,0.38218610964151967,0.786183591733794,9.29467164336542,0.1821429321305746,47,41,3654,0.3764381972051776,COMPLETE
294,0.3498768603126994,2025-01-11 00:13:41.782455,2025-01-11 00:18:25.223462,0 days 00:04:43.441007,4.100702798507043,0.9599221955320111,0.492799206922481,0.5703418825885122,0.8778831133503597,10.324572366092482,0.16845240770879014,60,38,3736,0.7911047821219961,COMPLETE
295,0.33142887537097515,2025-01-11 00:13:42.131234,2025-01-11 00:31:27.569450,0 days 00:17:45.438216,0.43665694792129295,0.9654277631601496,0.4475915600147467,0.8791203889670727,0.0019384136403071128,10.093661372247395,0.16869825984175804,93,40,3769,0.7824780129339586,COMPLETE
296,0.37021598624489105,2025-01-11 00:14:15.210848,2025-01-11 00:31:57.785620,0 days 00:17:42.574772,0.06657265964508641,0.9665742599130193,0.47081907894213026,0.38061787723409235,0.027890729814325138,8.918436090064333,0.14713783707416034,93,41,3668,0.37832461149425733,COMPLETE
297,0.34582666571009524,2025-01-11 00:14:54.199092,2025-01-11 00:20:34.454525,0 days 00:05:40.255433,0.08348720329605053,0.9125681368576639,0.4693331902542449,0.7059023795684821,0.7964781975031647,10.293505310239867,0.14607629406154835,94,40,3765,0.7352723589846493,COMPLETE
298,0.3513290364943063,2025-01-11 00:14:57.111082,2025-01-11 00:20:32.319537,0 days 00:05:35.208455,7.649179083905516,0.9595516499732425,0.44359013293027805,0.5716938425160089,0.7728903137091133,10.628258589685975,0.1451342780396603,84,3,3775,0.3730129244580027,COMPLETE
299,0.3461274218729647,2025-01-11 00:15:06.815139,2025-01-11 00:22:22.582960,0 days 00:07:15.767821,4.220723716650297,0.8730232280936786,0.4457585106398688,0.7222285838194032,0.7437896085567888,10.364769253184585,0.1511575479598065,59,38,3763,0.7891218028643143,COMPLETE
300,0.34233086938271456,2025-01-11 00:15:11.234801,2025-01-11 00:22:23.445253,0 days 00:07:12.210452,4.093379343666719,0.8751246905487938,0.44458524917212494,0.8706716682404463,0.8502820047084343,10.083120240186544,0.1837387351310819,83,40,3129,0.3746468465192656,COMPLETE
301,0.35461556347155526,2025-01-11 00:16:17.522687,2025-01-11 00:22:11.283894,0 days 00:05:53.761207,4.090082683838525,0.8747408493404404,0.44032827448567724,0.3815142025639197,0.777711604784066,9.975423766322205,0.1826644850848754,89,40,2892,0.7916776811914376,COMPLETE
302,0.3489230146971252,2025-01-11 00:16:23.787300,2025-01-11 00:23:42.710127,0 days 00:07:18.922827,3.997985223624511,0.8708914878953047,0.4932974631619467,0.7278320217688562,0.8519330168699414,10.472862596373623,0.14766243318040154,87,40,2907,0.7840377157463175,COMPLETE
303,0.3414452568934292,2025-01-11 00:16:36.567778,2025-01-11 00:24:37.003803,0 days 00:08:00.436025,3.7120338844469156,0.9144110976477371,0.4423862744698132,0.7380847893485842,0.715072500996961,9.906553537209167,0.08895516337423849,55,6,3756,0.7945516854892636,COMPLETE
304,0.31232221721092857,2025-01-11 00:16:36.789177,2025-01-11 00:32:07.241833,0 days 00:15:30.452656,4.19834189008799,0.9127575512050322,0.4942081199768661,0.8069579524462311,0.008411581879062546,10.986776333834168,0.14294799472249278,93,15,3297,0.7884039672249693,COMPLETE
305,0.4036257061211754,2025-01-11 00:17:10.237307,2025-01-11 00:26:13.518157,0 days 00:09:03.280850,60.29328291341802,0.8726956614008815,0.4391037085319889,0.3183433816218793,0.8011669387641044,11.03418360702878,0.1473152385246594,80,38,3809,0.7888717877061927,COMPLETE
306,0.33040015797593797,2025-01-11 00:18:25.225462,2025-01-11 00:27:27.272745,0 days 00:09:02.047283,4.070238651719892,0.9058461748904435,0.4440137494213505,0.8804575621814817,0.7710746891203201,9.919187621788211,0.1504829900980938,37,38,3780,0.7962306770192691,COMPLETE
307,0.33241878631501465,2025-01-11 00:18:29.014520,2025-01-11 00:28:28.885486,0 days 00:09:59.870966,4.065953762540653,0.9039746881420065,0.4751032643666291,0.7821881065521856,0.8493364954744143,10.27293315309523,0.14697366576407336,45,40,3795,0.7998771443156634,COMPLETE
308,0.33495905518844377,2025-01-11 00:18:38.802818,2025-01-11 00:29:24.894662,0 days 00:10:46.091844,7.537511980925423,0.8657627039022053,0.4384988713183849,0.8810671044462337,0.7580849751625598,10.361413988672064,0.14394422962070658,45,38,3839,0.6921460858945738,COMPLETE
309,0.33066418178026064,2025-01-11 00:20:32.320598,2025-01-11 00:30:32.875500,0 days 00:10:00.554902,4.055817338015528,0.9125628692494022,0.44135539560945425,0.7868545332217103,0.6857724657595423,10.203549303833793,0.1524433523955025,94,38,3803,0.7946762761813841,COMPLETE
310,0.34809297234733894,2025-01-11 00:20:34.456584,2025-01-11 00:32:01.570846,0 days 00:11:27.114262,3.9620433831747746,0.9093532459305331,0.44379713618737476,0.3837987759549476,0.8050543533185708,10.376677965590197,0.14681338313529435,91,42,3783,0.7889182035993674,COMPLETE
311,0.32662084342631026,2025-01-11 00:22:11.286358,2025-01-11 00:37:37.582763,0 days 00:15:26.296405,3.9004836092398345,0.5853199954698802,0.44152855277275616,0.6941894460525195,0.022820166794106953,6.124901453498861,0.14513664439834603,94,38,3791,0.7793649476629061,COMPLETE
312,0.3531260261806522,2025-01-11 00:22:22.584988,2025-01-11 00:33:06.693029,0 days 00:10:44.108041,4.0946243108010325,0.9070158126210724,0.40745643593545283,0.7490953347434645,0.9396978153830552,9.942241745797421,0.14428699512996823,91,42,3774,0.803977980378265,COMPLETE
313,0.33120529348000766,2025-01-11 00:22:23.446280,2025-01-11 00:33:20.164799,0 days 00:10:56.718519,3.8457742286690415,0.8685222391247021,0.4081227634241964,0.7746562148125922,0.776820655023132,6.190554127348285,0.14658285876984392,98,38,3803,0.80519095641258,COMPLETE
314,0.3498635007261883,2025-01-11 00:23:42.712138,2025-01-11 00:33:54.029836,0 days 00:10:11.317698,4.099893410427769,0.9091439933266798,0.4380783008071309,0.7279674403420389,0.787517978935799,5.556890853884233,0.14590180354491972,92,42,3755,0.7954002552348401,COMPLETE
315,0.3505926273740146,2025-01-11 00:24:37.005932,2025-01-11 00:34:56.417055,0 days 00:10:19.411123,4.022469556904927,0.9045283320340602,0.4393905785629124,0.7123415480630721,0.9128330257291721,5.364203448943974,0.1450986276073325,93,42,3817,0.8026177403038477,COMPLETE
