number,value,datetime_start,datetime_complete,duration,params_alpha,params_colsample_bylevel,params_colsample_bynode,params_colsample_bytree,params_gamma,params_lambda,params_learning_rate,params_max_depth,params_min_child_weight,params_n_estimators,params_subsample,state
0,0.5080217965004657,2025-01-10 22:35:16.780556,2025-01-10 22:37:23.969469,0 days 00:02:07.188913,72.16196889765017,0.31369692029032487,0.8708413211722823,0.7941272195165439,42.57879505861258,66.9714484201471,0.04213265665135164,100,96,1516,0.6899608411146787,COMPLETE
1,0.5642281305900516,2025-01-10 22:35:16.781555,2025-01-10 22:38:46.349386,0 days 00:03:29.567831,75.36537985838997,0.5650205220689848,0.3762288328703434,0.82121396556803,25.32960128612124,49.81454892546124,0.06607672062307454,66,88,4818,0.23754986624212926,COMPLETE
2,0.49306495357059,2025-01-10 22:35:16.782555,2025-01-10 22:37:07.887304,0 days 00:01:51.104749,72.33511364819205,0.9844597279391014,0.8702343582231371,0.6151385537921683,47.1603012998104,12.288428983428451,0.19274381573523608,80,31,872,0.8016314751844491,COMPLETE
3,0.4771602883979123,2025-01-10 22:35:16.782555,2025-01-10 22:35:47.739140,0 days 00:00:30.956585,88.86284769266807,0.36927677386497965,0.799321368033082,0.4166676078414184,17.894825357395533,34.25637782464009,0.3635426189013701,69,77,1190,0.7203922652045665,COMPLETE
4,0.4106712079578476,2025-01-10 22:35:16.783556,2025-01-10 22:37:21.794832,0 days 00:02:05.011276,21.24591266468817,0.42403299596131083,0.34780515420450425,0.23689902350314293,0.7545396424631812,55.422678936506834,0.3088244724867455,22,61,1276,0.40428584269662377,COMPLETE
5,0.451534409192611,2025-01-10 22:35:16.785555,2025-01-10 22:38:56.172292,0 days 00:03:39.386737,31.325560514811222,0.7474232028013066,0.5281188400171857,0.9814524560040521,33.90097845604171,15.426941942475906,0.008539181482931396,25,43,2744,0.9487012607508916,COMPLETE
6,0.45815122831056976,2025-01-10 22:35:16.786556,2025-01-10 22:39:44.560501,0 days 00:04:27.773945,27.066313743243718,0.7327794647695833,0.4931702314183404,0.32333435620388207,10.749838889094521,44.91930235658638,0.3422092368058937,10,49,4988,0.36531581456202444,COMPLETE
7,0.4821057775189503,2025-01-10 22:35:16.789556,2025-01-10 22:37:44.943768,0 days 00:02:28.154212,63.81876214057355,0.8418511188952906,0.5305225063825694,0.8200479639845784,21.62591969388267,65.07742749448813,0.3187979505793433,5,20,1534,0.529176716736206,COMPLETE
8,0.4765979304042643,2025-01-10 22:35:16.789556,2025-01-10 22:36:46.448864,0 days 00:01:29.659308,31.239682206972287,0.2265760716300097,0.5364634496566203,0.8883861337765138,41.99914584537587,82.59391387284397,0.24276504310231944,98,91,2429,0.7717892660138133,COMPLETE
9,0.4835322676659346,2025-01-10 22:35:16.790558,2025-01-10 22:38:54.626568,0 days 00:03:37.836010,94.23136097379117,0.8037954163497185,0.33100858046003945,0.7064828855140297,8.195514098454792,44.56109045465523,0.025360900229797468,92,76,2722,0.4884636039690935,COMPLETE
10,0.4786631421872996,2025-01-10 22:35:16.790558,2025-01-10 22:38:03.346173,0 days 00:02:46.555615,18.070415278634087,0.3108444426372485,0.9572452424105109,0.8008676532241363,22.906498546672655,42.85262953423546,0.19203631779731448,63,81,2007,0.39242827430498023,COMPLETE
11,0.486240165633081,2025-01-10 22:35:16.791557,2025-01-10 22:38:52.964793,0 days 00:03:36.173236,10.30694252892057,0.28698160053944116,0.7896257169368164,0.6851839550579342,32.281034303018316,2.7125300566155253,0.010709251317559145,79,66,3822,0.3414362272773073,COMPLETE
12,0.46977992584941,2025-01-10 22:35:16.792556,2025-01-10 22:39:04.579205,0 days 00:03:47.786649,38.76149227376759,0.4825565688837232,0.9186043485022357,0.6307906270705164,25.554064968052842,26.353527176552916,0.24601300909169355,97,24,4288,0.772605921753591,COMPLETE
13,0.5221085298121114,2025-01-10 22:35:16.792556,2025-01-10 22:37:39.852859,0 days 00:02:23.060303,45.99595615508634,0.49238634196481207,0.2583880103667598,0.843863263236363,32.170638140992885,44.02865570197311,0.08606344334249236,80,96,1175,0.3514203270306223,COMPLETE
14,0.4225404393912077,2025-01-10 22:35:47.742140,2025-01-10 22:39:04.021700,0 days 00:03:16.279560,38.21494810790147,0.22793014749224155,0.758257545420588,0.5084173716939373,8.646612623440841,45.06285452866718,0.21740480509294655,43,54,2753,0.8957939808244966,COMPLETE
15,0.5293681280646698,2025-01-10 22:36:46.451864,2025-01-10 22:39:59.701568,0 days 00:03:13.249704,70.86804831690368,0.9091598661734721,0.2977270354855274,0.5188441394601507,35.04185134557155,95.04065755739722,0.2776839890184537,21,34,4323,0.355240476146385,COMPLETE
16,0.4803446883145206,2025-01-10 22:37:07.890305,2025-01-10 22:40:21.380121,0 days 00:03:13.489816,22.606636628961986,0.575527284518647,0.7629051436456935,0.6305767086534122,42.366137992811964,93.54390864254731,0.27903154697860044,11,46,3673,0.9060131033684367,COMPLETE
17,0.4960827318252888,2025-01-10 22:37:21.796834,2025-01-10 22:40:04.259123,0 days 00:02:42.462289,32.911338271842126,0.7245628643528623,0.40133976251611153,0.9488686001990365,47.62203858278015,13.000560450002748,0.38478854769113663,49,58,2800,0.486846553072068,COMPLETE
18,0.44685491094452007,2025-01-10 22:37:23.971470,2025-01-10 22:41:03.145581,0 days 00:03:39.174111,26.177497937448802,0.6165500798311498,0.955885479316019,0.9625481619160814,38.63743857778977,76.31508275880606,0.18996542960716545,94,22,4937,0.9738665694505839,COMPLETE
19,0.4152538658980205,2025-01-10 22:37:39.855859,2025-01-10 22:40:08.918995,0 days 00:02:29.063136,67.44935387717726,0.6619378323247245,0.43286367543466275,0.8365766060150237,0.8878110729212518,89.46340261932797,0.15000387644405802,49,22,799,0.6836607901496612,COMPLETE
20,0.47298328101787684,2025-01-10 22:37:44.945768,2025-01-10 22:40:10.479740,0 days 00:02:25.533972,72.79687956617121,0.3639678733558964,0.7942654581180733,0.8537612344661798,17.001358321593507,39.026259313407316,0.3099532973007592,54,2,841,0.835685491056827,COMPLETE
21,0.4867146872571064,2025-01-10 22:38:03.349172,2025-01-10 22:41:04.841314,0 days 00:03:01.492142,73.12302284260959,0.7152090969807412,0.9132189620260585,0.7688522287074877,48.43605500058842,88.56053342162828,0.22479088846185497,31,89,2595,0.7921677708063288,COMPLETE
22,0.6134957470224717,2025-01-10 22:38:46.352386,2025-01-10 22:40:14.037738,0 days 00:01:27.685352,89.31542340694884,0.6738254723647161,0.8881655743600247,0.7312893625600021,33.15068068025761,29.328971139878046,0.2504830643654299,91,77,282,0.22015595735509114,COMPLETE
23,0.4292803138624097,2025-01-10 22:38:52.967793,2025-01-10 22:41:31.731660,0 days 00:02:38.763867,35.660194511233335,0.7093218482673487,0.22571043571413518,0.2145554438067951,3.408854590307321,97.95323011892523,0.3990138447530537,28,48,3282,0.9186235854688793,COMPLETE
24,0.4303539631258309,2025-01-10 22:38:54.629569,2025-01-10 22:40:23.535434,0 days 00:01:28.905865,31.4346780131862,0.45888701563551215,0.510407609657341,0.2172433388705256,0.21850609330495274,89.76250591295774,0.2745175496412202,31,51,148,0.8959752204712197,COMPLETE
25,0.3889855341145812,2025-01-10 22:38:56.175294,2025-01-10 22:41:45.058664,0 days 00:02:48.883370,35.04923017647779,0.6937877213122584,0.41708164452782176,0.29931874529614133,0.7381277824542455,23.766371386220165,0.2603189036339073,26,48,3279,0.9055546129361376,COMPLETE
26,0.39860494961040666,2025-01-10 22:39:04.022700,2025-01-10 22:42:43.394298,0 days 00:03:39.371598,1.6498131751481822,0.4777423505751266,0.6862617696141408,0.21401869239136162,0.45852794979212774,65.9913030364015,0.28210501015138434,39,53,3652,0.9656705044560843,COMPLETE
27,0.4103051387085448,2025-01-10 22:39:04.581207,2025-01-10 22:41:16.707203,0 days 00:02:12.125996,1.9549585540419656,0.4110323341587063,0.6817756129420559,0.20523151073699175,1.1088046811837273,65.43835999546164,0.3004372969279629,40,56,286,0.9835476149741924,COMPLETE
28,0.355200882964319,2025-01-10 22:39:44.560501,2025-01-10 22:42:35.185978,0 days 00:02:50.625477,0.8696345011492213,0.4136133980513487,0.6719550003963154,0.46017066429693293,0.19576066511136503,99.31206485593269,0.13605602875490763,40,1,307,0.987983098489839,COMPLETE
29,0.5010770800236907,2025-01-10 22:39:59.701568,2025-01-10 22:41:28.539524,0 days 00:01:28.837956,0.7409695383111021,0.428231538818072,0.6632794608532685,0.20070873225709013,1.5830853371307687,65.68369381598164,0.1334978896108452,38,3,52,0.9404652130229685,COMPLETE
30,0.4461784470994828,2025-01-10 22:40:04.259123,2025-01-10 22:41:47.432658,0 days 00:01:43.173535,4.6406049779438305,0.43013124955757454,0.6881286248510181,0.21378122400923566,0.08924052711604091,59.01730577297133,0.12645358136503704,37,60,98,0.9795943319972251,COMPLETE
31,0.4922230232566156,2025-01-10 22:40:08.918995,2025-01-10 22:41:40.131010,0 days 00:01:31.212015,55.117269354520545,0.6315000099006549,0.20599517077395021,0.22176332941541643,0.19796619699299456,65.77969692934263,0.12738162666094274,36,3,65,0.6638631079355533,COMPLETE
32,0.44055369190859,2025-01-10 22:40:10.479740,2025-01-10 22:41:58.015516,0 days 00:01:47.535776,52.86785032559799,0.6371947764099829,0.21282238941061254,0.21542327267279604,0.1482049689049183,61.411247874372165,0.14011859822383016,35,5,350,0.6108795645963979,COMPLETE
33,0.47585491897242477,2025-01-10 22:40:14.037738,2025-01-10 22:41:52.732304,0 days 00:01:38.694566,53.944691576647195,0.5967560857700195,0.6537616267571467,0.21069875759027756,0.2292962975256978,61.664390146376824,0.1229980317360678,32,8,114,0.6352670837564228,COMPLETE
34,0.42465702484995593,2025-01-10 22:40:21.380121,2025-01-10 22:42:03.915102,0 days 00:01:42.534981,0.6202827191117279,0.44177300994365815,0.6558024571782861,0.2025029648994624,1.0951716055776615,62.92931120231677,0.12439479845713228,36,65,158,0.6199221691394895,COMPLETE
35,0.4148452974039986,2025-01-10 22:40:23.537382,2025-01-10 22:43:19.466248,0 days 00:02:55.928866,54.286660496037264,0.22792591225025488,0.6445337831479063,0.5241465143722622,2.1319497488733283,63.290218876532634,0.13030675264340658,40,65,3270,0.6039535649402864,COMPLETE
36,0.3957966672274909,2025-01-10 22:41:03.145581,2025-01-10 22:43:03.715424,0 days 00:02:00.569843,55.87736519373517,0.21524404560552218,0.20989027416006487,0.5121587345550203,0.2851708899258938,59.212006345188605,0.12973592019568908,39,64,2201,0.6631804340129495,COMPLETE
37,0.4026699824612847,2025-01-10 22:41:04.841314,2025-01-10 22:43:32.835933,0 days 00:02:27.994619,56.6621933774169,0.2089493924375198,0.6655558463051702,0.48296625247410574,0.5506360611989232,58.66102567970973,0.14228729908238708,42,64,3264,0.6199818915696271,COMPLETE
38,0.4121357134181376,2025-01-10 22:41:16.707203,2025-01-10 22:42:57.715977,0 days 00:01:41.008774,3.306665313949531,0.4084953363869878,0.6221918340789897,0.2035391478359312,0.8566655009092576,59.571886917765525,0.13068550479834715,40,65,501,0.5719650729192217,COMPLETE
39,0.4348333026333418,2025-01-10 22:41:28.541690,2025-01-10 22:43:00.066517,0 days 00:01:31.524827,56.15858127603475,0.522076637630543,0.44338621696593605,0.2911825444274476,4.417113511513674,57.75012088047816,0.15199458736106128,53,68,583,0.5973457291122806,COMPLETE
40,0.4315825147418528,2025-01-10 22:41:31.731660,2025-01-10 22:43:13.380097,0 days 00:01:41.648437,56.64723619502409,0.6153655653564598,0.656787155321102,0.3089851742126906,5.168493077294648,56.789348660426064,0.1449393033186632,17,65,568,0.6258359819453155,COMPLETE
41,0.39251127413947223,2025-01-10 22:41:40.133012,2025-01-10 22:43:19.857444,0 days 00:01:39.724432,0.6696879119070047,0.5484470816373515,0.6467192911015966,0.30395897693792756,5.187821987312217,55.88493125732188,0.15154067797323514,18,64,554,0.5994271666261892,COMPLETE
42,0.4042684887300905,2025-01-10 22:41:45.060666,2025-01-10 22:43:59.287730,0 days 00:02:14.227064,10.94453987821252,0.5298678178912315,0.6512173550088755,0.3237696084902073,6.056565383064619,56.33787659260867,0.3219692714501057,20,65,2072,0.5952944143742995,COMPLETE
43,0.4137338457224489,2025-01-10 22:41:47.432658,2025-01-10 22:44:00.679022,0 days 00:02:13.246364,13.698730763529431,0.5114523926351823,0.6154848144969063,0.3098179618643788,5.123483607255743,56.49849669320327,0.32106637622806083,18,64,1815,0.5920562960758613,COMPLETE
44,0.41448408051708174,2025-01-10 22:41:52.734306,2025-01-10 22:43:32.269431,0 days 00:01:39.535125,14.110468879585994,0.5394772934163217,0.4308833891601686,0.2850845200142117,5.694434166485019,55.200893497886156,0.31597485628995914,19,42,557,0.5741835193878297,COMPLETE
45,0.404065845770256,2025-01-10 22:41:58.015516,2025-01-10 22:43:44.921109,0 days 00:01:46.905593,15.121056523771362,0.5393274805845798,0.42861082172274173,0.30775201162619203,5.245371408774564,74.53044491127544,0.31478729048602894,19,68,627,0.8427266002672754,COMPLETE
46,0.39551008418150885,2025-01-10 22:42:03.915102,2025-01-10 22:44:19.553641,0 days 00:02:15.638539,11.856874455919403,0.5181918040211928,0.42711557533013766,0.3122980286602316,5.375887748940199,50.920340119608554,0.16682846636238746,21,38,1825,0.8425006734610544,COMPLETE
47,0.40678880972397646,2025-01-10 22:42:35.187981,2025-01-10 22:44:17.138016,0 days 00:01:41.950035,14.394516017571487,0.5206787754176614,0.5987508183732614,0.31038784866091657,5.3568161679182875,76.29637316867594,0.311517768111295,15,39,1626,0.8483863559087625,COMPLETE
48,0.4080084801377644,2025-01-10 22:42:43.394298,2025-01-10 22:45:14.365466,0 days 00:02:30.971168,13.212823665507809,0.5263927130025584,0.5965897175654363,0.3080039877102265,5.48586633679002,73.75814170432305,0.17288136156696976,56,39,3238,0.8582199414518508,COMPLETE
49,0.40742717218083696,2025-01-10 22:42:57.715977,2025-01-10 22:45:21.347897,0 days 00:02:23.631920,12.68923879736022,0.5360064832772878,0.5877404953962603,0.29731694605937287,5.919871674216656,73.09134842560059,0.3290870998879246,55,42,3375,0.8605704569640847,COMPLETE
50,0.40363998798813233,2025-01-10 22:43:00.066517,2025-01-10 22:45:33.416272,0 days 00:02:33.349755,9.066369077352295,0.5367047307112188,0.7136819109658282,0.3672122371202678,6.185192210123422,73.34617105136627,0.3338993281554208,20,38,3271,0.8460203311168095,COMPLETE
51,0.4211825205419623,2025-01-10 22:43:03.715424,2025-01-10 22:45:43.238408,0 days 00:02:39.522984,13.738047732012035,0.5374755595852779,0.5815623542795728,0.3901115850341184,12.917351667409944,73.82787974145727,0.07430023656332277,18,40,3346,0.8464049326788131,COMPLETE
52,0.41538017447095044,2025-01-10 22:43:13.380097,2025-01-10 22:46:20.798552,0 days 00:03:07.418455,12.438125892103423,0.36368463258819705,0.5874960221932446,0.4232853110657856,12.86472839678178,79.57912971319914,0.06311938873292043,58,38,3213,0.8383620035037544,COMPLETE
53,0.40032767566618294,2025-01-10 22:43:19.468250,2025-01-10 22:46:08.497709,0 days 00:02:49.029459,12.63980740405999,0.5260355989787358,0.5705955192331198,0.3945462355019246,6.894635336233459,73.12341198020536,0.08703003480487614,59,40,1915,0.72607422116101,COMPLETE
54,0.39866221326707635,2025-01-10 22:43:19.859010,2025-01-10 22:46:03.700733,0 days 00:02:43.841723,13.442211535075709,0.5236997870239457,0.5861589243493943,0.3897388431104132,6.792917219910831,51.14223142734345,0.09573817696218577,18,40,1554,0.8392253430479484,COMPLETE
55,0.4079859349698937,2025-01-10 22:43:32.269431,2025-01-10 22:46:27.150541,0 days 00:02:54.881110,9.019220031102382,0.35159132285537764,0.5840275219045885,0.36487935535032384,11.50971886479926,71.58062384180798,0.08747020576824319,45,37,1819,0.8323514641841084,COMPLETE
56,0.4098909258785059,2025-01-10 22:43:32.837935,2025-01-10 22:46:29.805696,0 days 00:02:56.967761,8.774430995166378,0.3688869270192401,0.5830640629829447,0.3735836345354553,10.85510598600154,74.32752840060262,0.0925376619746953,13,72,1799,0.8310619028501967,COMPLETE
57,0.41113987460077267,2025-01-10 22:43:44.921109,2025-01-10 22:46:45.022867,0 days 00:03:00.101758,9.23265917362188,0.3658508951703776,0.5818110918515259,0.37987495332858107,10.939897851712143,49.9673166661931,0.06467151526010233,61,73,1623,0.7445183547056928,COMPLETE
58,0.41003776551200893,2025-01-10 22:43:59.287730,2025-01-10 22:47:46.172483,0 days 00:03:46.884753,7.105082044648074,0.7755483388633047,0.5795796930204753,0.38000795961945694,12.20572129004182,72.25006833735064,0.08182379584591373,26,38,3996,0.8493392695036476,COMPLETE
59,0.40539040385159636,2025-01-10 22:44:00.679022,2025-01-10 22:47:56.422172,0 days 00:03:55.743150,7.778776376263907,0.2791254077690749,0.7310929920186784,0.41150075572902867,10.537633008764116,70.83842190915857,0.09024371815450813,60,13,3846,0.7145636107083879,COMPLETE
60,0.4172441168257617,2025-01-10 22:44:17.138016,2025-01-10 22:48:00.052107,0 days 00:03:42.914091,7.2102301966205875,0.3313207696578347,0.5527487952926272,0.3817185947044656,13.168214159055468,71.07400644539193,0.09716448096653635,27,73,3729,0.7227247888164381,COMPLETE
61,0.4459361324715567,2025-01-10 22:44:19.553641,2025-01-10 22:46:59.613936,0 days 00:02:40.060295,45.45332441914096,0.36805406898874515,0.35025134766374844,0.39622734907481894,11.842148042325615,50.44427834732839,0.08614400922583755,4,16,1121,0.7318760545301723,COMPLETE
62,0.46150794453791405,2025-01-10 22:45:14.365466,2025-01-10 22:47:55.084159,0 days 00:02:40.718693,80.52202968656867,0.3688807829760586,0.5638591444365941,0.3764762779000562,11.867703206769017,50.80300601451914,0.10050210299804163,26,14,2265,0.7087464861614987,COMPLETE
63,0.44981020721716475,2025-01-10 22:45:21.349784,2025-01-10 22:48:00.415828,0 days 00:02:39.066044,43.550140278354434,0.3555815242067797,0.34755565567115865,0.3864107483721929,12.87585517567918,21.413753730812555,0.08806048312820029,3,30,1191,0.7284470427560885,COMPLETE
64,0.4375016387626321,2025-01-10 22:45:33.417275,2025-01-10 22:48:12.434198,0 days 00:02:39.016923,44.64222584582554,0.36780979251826057,0.3494072536056063,0.40214803438971897,13.130465009219998,49.25112091545239,0.09402850330467047,25,15,1160,0.999186915365482,COMPLETE
65,0.41840574906424494,2025-01-10 22:45:43.240411,2025-01-10 22:48:16.736152,0 days 00:02:33.495741,6.01597650963298,0.2679624958941169,0.3611512308479767,0.4419245451199822,13.390529971461461,50.55353752061106,0.10336294854930073,25,72,1220,0.7496148602670784,COMPLETE
66,0.40279005919707367,2025-01-10 22:46:03.702736,2025-01-10 22:48:50.798415,0 days 00:02:47.095679,6.503721100807022,0.3413736334731577,0.35271741973579407,0.44731941647695694,11.028728417959645,20.3578942291357,0.17720001978026662,26,14,2309,0.7320907086305346,COMPLETE
67,0.4321994576254095,2025-01-10 22:46:08.497709,2025-01-10 22:48:57.567960,0 days 00:02:49.070251,46.34795614080641,0.3521345199135251,0.3524413475607578,0.4580741842562084,10.474073025736297,18.87061627193739,0.1056347006251834,24,28,2319,0.9449773925744124,COMPLETE
68,0.42840246340117477,2025-01-10 22:46:20.798552,2025-01-10 22:48:56.191629,0 days 00:02:35.393077,45.904207723729336,0.8096195615001053,0.343666399499054,0.2552904233476227,9.151373057669126,49.41214686097073,0.17034119399813136,26,28,2239,0.7288295895103549,COMPLETE
69,0.40892425432357676,2025-01-10 22:46:27.150541,2025-01-10 22:49:12.716504,0 days 00:02:45.565963,45.12171009099352,0.30842297479804626,0.3487138111811525,0.2578677415433736,3.3270178897713714,38.95919763937036,0.17126707225562518,25,29,2291,0.7267551639395979,COMPLETE
70,0.3895292463187399,2025-01-10 22:46:29.805696,2025-01-10 22:49:40.623577,0 days 00:03:10.817881,20.172110710524592,0.2970491562838184,0.3460496730319877,0.2643593536337786,2.799507759195565,49.98490918972367,0.1711710392164484,5,82,2302,0.9427041866835035,COMPLETE
71,0.45238236907264745,2025-01-10 22:46:45.022867,2025-01-10 22:49:22.659646,0 days 00:02:37.636779,80.19085772486866,0.76811048615984,0.34708469613329884,0.2703567817526804,8.852754176189922,20.165626578412397,0.16983444640720047,26,29,1147,0.9460410720780607,COMPLETE
72,0.4182894625482125,2025-01-10 22:46:59.616044,2025-01-10 22:49:54.109239,0 days 00:02:54.493195,20.092622208618575,0.29028497324514424,0.7245998670645222,0.25603634018088905,8.202037095914177,22.150068167292652,0.16903701092276807,28,28,2344,0.9580079513797214,COMPLETE
73,0.4079268090082832,2025-01-10 22:47:46.172483,2025-01-10 22:50:04.475051,0 days 00:02:18.302568,19.103348575518627,0.27105434837034537,0.7375049521849798,0.2684528889907269,8.677374944119432,36.153358762304116,0.1683191768526352,9,83,2291,0.9480438758966867,COMPLETE
74,0.392340960623206,2025-01-10 22:47:55.084159,2025-01-10 22:49:50.712546,0 days 00:01:55.628387,18.197022931587934,0.4775638188828986,0.7235346994118721,0.2647437901648384,3.4484261088155077,39.54568172365091,0.16977706431763306,8,52,1401,0.9506926065208168,COMPLETE
75,0.3836327565577095,2025-01-10 22:47:56.422172,2025-01-10 22:49:56.947961,0 days 00:02:00.525789,21.479938009450052,0.4838749219298014,0.48218321776377626,0.26482444422787327,2.8306674009710964,19.66565868100892,0.17138190165889403,9,52,1363,0.9992534835098871,COMPLETE
76,0.3933757828401872,2025-01-10 22:48:00.052107,2025-01-10 22:50:46.402556,0 days 00:02:46.350449,24.638140663156648,0.4766523708815291,0.2776167589272018,0.26353995541518155,2.7234739174104194,38.758777170666356,0.17225200982748198,8,29,2305,0.9393725511127328,COMPLETE
77,0.39184876996306256,2025-01-10 22:48:00.415828,2025-01-10 22:51:05.443066,0 days 00:03:05.027238,18.54962102713155,0.48188757926604014,0.48615510166206066,0.2567839834208429,3.233300119610623,38.5390816072555,0.1670483279066396,7,83,2931,0.9172616395788317,COMPLETE
78,0.39054345624882575,2025-01-10 22:48:12.434198,2025-01-10 22:50:51.010902,0 days 00:02:38.576704,19.113983811772044,0.47783843754900934,0.8348330198817553,0.2551889361817836,3.134187401337441,37.37218414868937,0.16620959617022096,8,52,2241,0.9437745858290826,COMPLETE
